{
  "stats": {
    "suites": 1,
    "tests": 1,
    "passes": 0,
    "pending": 0,
    "failures": 1,
    "start": "2022-08-10T16:19:24.426Z",
    "end": "2022-08-10T16:19:24.782Z",
    "duration": 356,
    "testsRegistered": 4,
    "passPercent": 0,
    "pendingPercent": 0,
    "other": 0,
    "hasOther": false,
    "skipped": 3,
    "hasSkipped": true
  },
  "results": [
    {
      "uuid": "862cb1f7-e6a6-426a-a46b-ebaf49c9e84d",
      "title": "",
      "fullFile": "cypress\\e2e\\1-A\\AdminNopCommerce.cy.js",
      "file": "cypress\\e2e\\1-A\\AdminNopCommerce.cy.js",
      "beforeHooks": [],
      "afterHooks": [],
      "tests": [],
      "suites": [
        {
          "uuid": "3c89e1fd-233b-49f5-8a09-368fe94d2a7b",
          "title": "demo.nopcommerce.com",
          "fullFile": "",
          "file": "",
          "beforeHooks": [],
          "afterHooks": [],
          "tests": [
            {
              "title": "Path verification",
              "fullTitle": "demo.nopcommerce.com Path verification",
              "timedOut": null,
              "duration": 222,
              "state": "failed",
              "speed": null,
              "pass": false,
              "fail": true,
              "pending": false,
              "context": null,
              "code": "",
              "err": {
                "message": "TypeError: cy.nopcomLogin is not a function\n\nBecause this error occurred during a `before all` hook we are skipping the remaining tests in the current suite: `demo.nopcommerce.com`",
                "estack": "TypeError: cy.nopcomLogin is not a function\n\nBecause this error occurred during a `before all` hook we are skipping the remaining tests in the current suite: `demo.nopcommerce.com`\n    at Context.eval (http://localhost:8888/__cypress/tests?p=cypress\\e2e\\1-A\\AdminNopCommerce.cy.js:103:8)",
                "diff": null
              },
              "uuid": "db239d29-da5e-45be-91b3-5337a48bfbf1",
              "parentUUID": "3c89e1fd-233b-49f5-8a09-368fe94d2a7b",
              "isHook": false,
              "skipped": false
            },
            {
              "title": "Protocoal Verification",
              "fullTitle": "demo.nopcommerce.com Protocoal Verification",
              "timedOut": null,
              "duration": 0,
              "state": "skipped",
              "speed": null,
              "pass": false,
              "fail": false,
              "pending": false,
              "context": null,
              "code": "",
              "err": {},
              "uuid": "92101e5e-5e69-46e6-8afa-f16d05a79b13",
              "parentUUID": "3c89e1fd-233b-49f5-8a09-368fe94d2a7b",
              "isHook": false,
              "skipped": true
            },
            {
              "title": "URL Verification",
              "fullTitle": "demo.nopcommerce.com URL Verification",
              "timedOut": null,
              "duration": 0,
              "state": "skipped",
              "speed": null,
              "pass": false,
              "fail": false,
              "pending": false,
              "context": null,
              "code": "",
              "err": {},
              "uuid": "b8499546-09e9-4220-925f-dda7c6a838c6",
              "parentUUID": "3c89e1fd-233b-49f5-8a09-368fe94d2a7b",
              "isHook": false,
              "skipped": true
            },
            {
              "title": "Port Verification",
              "fullTitle": "demo.nopcommerce.com Port Verification",
              "timedOut": null,
              "duration": 0,
              "state": "skipped",
              "speed": null,
              "pass": false,
              "fail": false,
              "pending": false,
              "context": null,
              "code": "",
              "err": {},
              "uuid": "0e2d3476-5289-423c-87d5-d191512386e3",
              "parentUUID": "3c89e1fd-233b-49f5-8a09-368fe94d2a7b",
              "isHook": false,
              "skipped": true
            }
          ],
          "suites": [],
          "passes": [],
          "failures": [
            "db239d29-da5e-45be-91b3-5337a48bfbf1"
          ],
          "pending": [],
          "skipped": [
            "92101e5e-5e69-46e6-8afa-f16d05a79b13",
            "b8499546-09e9-4220-925f-dda7c6a838c6",
            "0e2d3476-5289-423c-87d5-d191512386e3"
          ],
          "duration": 222,
          "root": false,
          "rootEmpty": false,
          "_timeout": 2000
        }
      ],
      "passes": [],
      "failures": [],
      "pending": [],
      "skipped": [],
      "duration": 0,
      "root": true,
      "rootEmpty": true,
      "_timeout": 2000
    }
  ],
  "meta": {
    "mocha": {
      "version": "7.0.1"
    },
    "mochawesome": {
      "options": {
        "quiet": false,
        "reportFilename": "[status]_[datetime]-[name]-report",
        "saveHtml": false,
        "saveJson": true,
        "consoleReporter": "spec",
        "useInlineDiffs": false,
        "code": false
      },
      "version": "7.1.3"
    },
    "marge": {
      "options": {
        "reportDir": "cypress\\report\\.jsons",
        "code": false,
        "overwrite": false,
        "autoOpen": true,
        "charts": true,
        "reportPageTitle": "Zepcom-Reporter",
        "reportFilename": "[status]_[datetime]-[name]-report",
        "timestamp": "longDate",
        "embeddedScreenshots": true,
        "inlineAssets": true,
        "saveAllAttempts": false,
        "trashAssetsBeforeRuns": false,
        "html": false,
        "json": true
      },
      "version": "6.2.0"
    }
  }
}