{
  "stats": {
    "suites": 1,
    "tests": 1,
    "passes": 1,
    "pending": 0,
    "failures": 0,
    "start": "2022-08-10T19:51:42.079Z",
    "end": "2022-08-10T19:51:46.980Z",
    "duration": 4901,
    "testsRegistered": 1,
    "passPercent": 100,
    "pendingPercent": 0,
    "other": 0,
    "hasOther": false,
    "skipped": 0,
    "hasSkipped": false
  },
  "results": [
    {
      "uuid": "85fa0f59-5959-4f2c-bcf0-42c14d910831",
      "title": "",
      "fullFile": "cypress\\e2e\\1-A\\Sample.cy.ts",
      "file": "cypress\\e2e\\1-A\\Sample.cy.ts",
      "beforeHooks": [],
      "afterHooks": [],
      "tests": [],
      "suites": [
        {
          "uuid": "bb8c6dc4-97ce-418e-be1a-42cdab7dbd59",
          "title": "demo.nopcommerce.com",
          "fullFile": "",
          "file": "",
          "beforeHooks": [],
          "afterHooks": [],
          "tests": [
            {
              "title": "Path verification",
              "fullTitle": "demo.nopcommerce.com Path verification",
              "timedOut": null,
              "duration": 1764,
              "state": "passed",
              "speed": "fast",
              "pass": true,
              "fail": false,
              "pending": false,
              "context": null,
              "code": "",
              "err": {},
              "uuid": "142997a1-0106-4d12-b49b-69ba34999192",
              "parentUUID": "bb8c6dc4-97ce-418e-be1a-42cdab7dbd59",
              "isHook": false,
              "skipped": false
            }
          ],
          "suites": [],
          "passes": [
            "142997a1-0106-4d12-b49b-69ba34999192"
          ],
          "failures": [],
          "pending": [],
          "skipped": [],
          "duration": 1764,
          "root": false,
          "rootEmpty": false,
          "_timeout": 2000
        }
      ],
      "passes": [],
      "failures": [],
      "pending": [],
      "skipped": [],
      "duration": 0,
      "root": true,
      "rootEmpty": true,
      "_timeout": 2000
    }
  ],
  "meta": {
    "mocha": {
      "version": "7.0.1"
    },
    "mochawesome": {
      "options": {
        "quiet": false,
        "reportFilename": "[status]_[datetime]-[name]-report",
        "saveHtml": false,
        "saveJson": true,
        "consoleReporter": "spec",
        "useInlineDiffs": false,
        "code": false
      },
      "version": "7.1.3"
    },
    "marge": {
      "options": {
        "reportDir": "cypress\\report\\.jsons",
        "code": false,
        "overwrite": false,
        "autoOpen": true,
        "charts": true,
        "reportPageTitle": "Zepcom-Reporter",
        "reportFilename": "[status]_[datetime]-[name]-report",
        "timestamp": "longDate",
        "embeddedScreenshots": true,
        "inlineAssets": true,
        "saveAllAttempts": false,
        "trashAssetsBeforeRuns": false,
        "html": false,
        "json": true
      },
      "version": "6.2.0"
    }
  }
}